Build started 08/11/2016 19:04:06.
     1>Project "C:\Users\owner\Documents\Jack Martin Chimera 2015 Emulator\Emulator\Emulator.vcxproj" on node 2 (Build target(s)).
     1>ClCompile:
         C:\Program Files (x86)\Microsoft Visual Studio 11.0\VC\bin\CL.exe /c /ZI /nologo /W3 /WX- /sdl- /Od /Oy- /D WIN32 /D _DEBUG /D _CONSOLE /D _UNICODE /D UNICODE /Gm /EHsc /RTC1 /MDd /GS /fp:precise /Zc:wchar_t /Zc:forScope /Yc"stdafx.h" /Fp"Debug\Emulator.pch" /Fo"Debug\\" /Fd"Debug\vc110.pdb" /Gd /TP /analyze- /errorReport:prompt stdafx.cpp
         stdafx.cpp
         C:\Program Files (x86)\Microsoft Visual Studio 11.0\VC\bin\CL.exe /c /ZI /nologo /W3 /WX- /sdl- /Od /Oy- /D WIN32 /D _DEBUG /D _CONSOLE /D _UNICODE /D UNICODE /Gm /EHsc /RTC1 /MDd /GS /fp:precise /Zc:wchar_t /Zc:forScope /Yu"stdafx.h" /Fp"Debug\Emulator.pch" /Fo"Debug\\" /Fd"Debug\vc110.pdb" /Gd /TP /analyze- /errorReport:prompt Emulator.cpp
         Emulator.cpp
     1>c:\users\owner\documents\jack martin chimera 2015 emulator\emulator\emulator.cpp(527): warning C4244: '=' : conversion from 'unsigned short' to 'unsigned char', possible loss of data
     1>c:\users\owner\documents\jack martin chimera 2015 emulator\emulator\emulator.cpp(648): warning C4244: '=' : conversion from 'unsigned short' to 'unsigned char', possible loss of data
     1>c:\users\owner\documents\jack martin chimera 2015 emulator\emulator\emulator.cpp(660): warning C4244: '=' : conversion from 'unsigned short' to 'unsigned char', possible loss of data
     1>c:\users\owner\documents\jack martin chimera 2015 emulator\emulator\emulator.cpp(787): warning C4244: 'argument' : conversion from 'unsigned short' to 'unsigned char', possible loss of data
     1>c:\users\owner\documents\jack martin chimera 2015 emulator\emulator\emulator.cpp(868): warning C4244: 'argument' : conversion from 'unsigned short' to 'unsigned char', possible loss of data
     1>c:\users\owner\documents\jack martin chimera 2015 emulator\emulator\emulator.cpp(889): warning C4244: '=' : conversion from 'unsigned short' to 'unsigned char', possible loss of data
     1>c:\users\owner\documents\jack martin chimera 2015 emulator\emulator\emulator.cpp(897): warning C4244: '=' : conversion from 'unsigned short' to 'unsigned char', possible loss of data
     1>c:\users\owner\documents\jack martin chimera 2015 emulator\emulator\emulator.cpp(910): warning C4244: '=' : conversion from 'unsigned short' to 'unsigned char', possible loss of data
     1>c:\users\owner\documents\jack martin chimera 2015 emulator\emulator\emulator.cpp(920): warning C4244: '=' : conversion from 'unsigned short' to 'unsigned char', possible loss of data
     1>c:\users\owner\documents\jack martin chimera 2015 emulator\emulator\emulator.cpp(932): warning C4244: '=' : conversion from 'unsigned short' to 'unsigned char', possible loss of data
     1>c:\users\owner\documents\jack martin chimera 2015 emulator\emulator\emulator.cpp(939): warning C4244: 'argument' : conversion from 'unsigned short' to 'unsigned char', possible loss of data
     1>c:\users\owner\documents\jack martin chimera 2015 emulator\emulator\emulator.cpp(1027): warning C4244: 'argument' : conversion from 'unsigned short' to 'unsigned char', possible loss of data
     1>c:\users\owner\documents\jack martin chimera 2015 emulator\emulator\emulator.cpp(1859): warning C4244: 'argument' : conversion from 'unsigned short' to 'unsigned char', possible loss of data
     1>c:\users\owner\documents\jack martin chimera 2015 emulator\emulator\emulator.cpp(1860): warning C4244: 'argument' : conversion from 'unsigned short' to 'unsigned char', possible loss of data
     1>c:\users\owner\documents\jack martin chimera 2015 emulator\emulator\emulator.cpp(1861): warning C4244: 'argument' : conversion from 'unsigned short' to 'unsigned char', possible loss of data
     1>c:\users\owner\documents\jack martin chimera 2015 emulator\emulator\emulator.cpp(1878): warning C4244: 'argument' : conversion from 'unsigned short' to 'unsigned char', possible loss of data
     1>c:\users\owner\documents\jack martin chimera 2015 emulator\emulator\emulator.cpp(1879): warning C4244: 'argument' : conversion from 'unsigned short' to 'unsigned char', possible loss of data
     1>c:\users\owner\documents\jack martin chimera 2015 emulator\emulator\emulator.cpp(1880): warning C4244: 'argument' : conversion from 'unsigned short' to 'unsigned char', possible loss of data
     1>c:\users\owner\documents\jack martin chimera 2015 emulator\emulator\emulator.cpp(1897): warning C4244: 'argument' : conversion from 'unsigned short' to 'unsigned char', possible loss of data
     1>c:\users\owner\documents\jack martin chimera 2015 emulator\emulator\emulator.cpp(1898): warning C4244: 'argument' : conversion from 'unsigned short' to 'unsigned char', possible loss of data
     1>c:\users\owner\documents\jack martin chimera 2015 emulator\emulator\emulator.cpp(1899): warning C4244: 'argument' : conversion from 'unsigned short' to 'unsigned char', possible loss of data
     1>c:\users\owner\documents\jack martin chimera 2015 emulator\emulator\emulator.cpp(2753): warning C4244: '=' : conversion from 'unsigned short' to 'unsigned char', possible loss of data
     1>c:\users\owner\documents\jack martin chimera 2015 emulator\emulator\emulator.cpp(2905): warning C4244: '=' : conversion from 'unsigned short' to 'unsigned char', possible loss of data
     1>c:\users\owner\documents\jack martin chimera 2015 emulator\emulator\emulator.cpp(3267): warning C4996: 'fopen': This function or variable may be unsafe. Consider using fopen_s instead. To disable deprecation, use _CRT_SECURE_NO_WARNINGS. See online help for details.
                 c:\program files (x86)\microsoft visual studio 11.0\vc\include\stdio.h(218) : see declaration of 'fopen'
     1>c:\users\owner\documents\jack martin chimera 2015 emulator\emulator\emulator.cpp(3281): warning C4996: 'fopen': This function or variable may be unsafe. Consider using fopen_s instead. To disable deprecation, use _CRT_SECURE_NO_WARNINGS. See online help for details.
                 c:\program files (x86)\microsoft visual studio 11.0\vc\include\stdio.h(218) : see declaration of 'fopen'
     1>c:\users\owner\documents\jack martin chimera 2015 emulator\emulator\emulator.cpp(3350): warning C4244: '=' : conversion from '_TCHAR' to 'char', possible loss of data
     1>c:\users\owner\documents\jack martin chimera 2015 emulator\emulator\emulator.cpp(3359): warning C4244: '=' : conversion from '_TCHAR' to 'char', possible loss of data
     1>c:\users\owner\documents\jack martin chimera 2015 emulator\emulator\emulator.cpp(3436): warning C4996: 'fopen': This function or variable may be unsafe. Consider using fopen_s instead. To disable deprecation, use _CRT_SECURE_NO_WARNINGS. See online help for details.
                 c:\program files (x86)\microsoft visual studio 11.0\vc\include\stdio.h(218) : see declaration of 'fopen'
     1>c:\users\owner\documents\jack martin chimera 2015 emulator\emulator\emulator.cpp(3442): warning C4996: 'sscanf': This function or variable may be unsafe. Consider using sscanf_s instead. To disable deprecation, use _CRT_SECURE_NO_WARNINGS. See online help for details.
                 c:\program files (x86)\microsoft visual studio 11.0\vc\include\stdio.h(311) : see declaration of 'sscanf'
     1>c:\users\owner\documents\jack martin chimera 2015 emulator\emulator\emulator.cpp(3444): warning C4996: 'sscanf': This function or variable may be unsafe. Consider using sscanf_s instead. To disable deprecation, use _CRT_SECURE_NO_WARNINGS. See online help for details.
                 c:\program files (x86)\microsoft visual studio 11.0\vc\include\stdio.h(311) : see declaration of 'sscanf'
     1>c:\users\owner\documents\jack martin chimera 2015 emulator\emulator\emulator.cpp(3483): warning C4996: 'sprintf': This function or variable may be unsafe. Consider using sprintf_s instead. To disable deprecation, use _CRT_SECURE_NO_WARNINGS. See online help for details.
                 c:\program files (x86)\microsoft visual studio 11.0\vc\include\stdio.h(357) : see declaration of 'sprintf'
     1>c:\users\owner\documents\jack martin chimera 2015 emulator\emulator\emulator.cpp(3509): warning C4996: 'sprintf': This function or variable may be unsafe. Consider using sprintf_s instead. To disable deprecation, use _CRT_SECURE_NO_WARNINGS. See online help for details.
                 c:\program files (x86)\microsoft visual studio 11.0\vc\include\stdio.h(357) : see declaration of 'sprintf'
     1>c:\users\owner\documents\jack martin chimera 2015 emulator\emulator\emulator.cpp(3519): warning C4996: 'sscanf': This function or variable may be unsafe. Consider using sscanf_s instead. To disable deprecation, use _CRT_SECURE_NO_WARNINGS. See online help for details.
                 c:\program files (x86)\microsoft visual studio 11.0\vc\include\stdio.h(311) : see declaration of 'sscanf'
     1>c:\users\owner\documents\jack martin chimera 2015 emulator\emulator\emulator.cpp(3523): warning C4996: 'sscanf': This function or variable may be unsafe. Consider using sscanf_s instead. To disable deprecation, use _CRT_SECURE_NO_WARNINGS. See online help for details.
                 c:\program files (x86)\microsoft visual studio 11.0\vc\include\stdio.h(311) : see declaration of 'sscanf'
     1>c:\users\owner\documents\jack martin chimera 2015 emulator\emulator\emulator.cpp(3562): warning C4996: 'sscanf': This function or variable may be unsafe. Consider using sscanf_s instead. To disable deprecation, use _CRT_SECURE_NO_WARNINGS. See online help for details.
                 c:\program files (x86)\microsoft visual studio 11.0\vc\include\stdio.h(311) : see declaration of 'sscanf'
     1>c:\users\owner\documents\jack martin chimera 2015 emulator\emulator\emulator.cpp(3564): warning C4996: 'sscanf': This function or variable may be unsafe. Consider using sscanf_s instead. To disable deprecation, use _CRT_SECURE_NO_WARNINGS. See online help for details.
                 c:\program files (x86)\microsoft visual studio 11.0\vc\include\stdio.h(311) : see declaration of 'sscanf'
     1>c:\users\owner\documents\jack martin chimera 2015 emulator\emulator\emulator.cpp(3602): warning C4996: 'sprintf': This function or variable may be unsafe. Consider using sprintf_s instead. To disable deprecation, use _CRT_SECURE_NO_WARNINGS. See online help for details.
                 c:\program files (x86)\microsoft visual studio 11.0\vc\include\stdio.h(357) : see declaration of 'sprintf'
       Link:
         C:\Program Files (x86)\Microsoft Visual Studio 11.0\VC\bin\link.exe /ERRORREPORT:PROMPT /OUT:"C:\Users\owner\Documents\Jack Martin Chimera 2015 Emulator\Debug\Emulator.exe" /INCREMENTAL /NOLOGO kernel32.lib user32.lib gdi32.lib winspool.lib comdlg32.lib advapi32.lib shell32.lib ole32.lib oleaut32.lib uuid.lib odbc32.lib odbccp32.lib /MANIFEST /MANIFESTUAC:"level='asInvoker' uiAccess='false'" /manifest:embed /DEBUG /PDB:"C:\Users\owner\Documents\Jack Martin Chimera 2015 Emulator\Debug\Emulator.pdb" /SUBSYSTEM:CONSOLE /TLBID:1 /DYNAMICBASE /NXCOMPAT /IMPLIB:"C:\Users\owner\Documents\Jack Martin Chimera 2015 Emulator\Debug\Emulator.lib" /MACHINE:X86 Debug\Emulator.obj
         Debug\stdafx.obj
         Emulator.vcxproj -> C:\Users\owner\Documents\Jack Martin Chimera 2015 Emulator\Debug\Emulator.exe
     1>Done Building Project "C:\Users\owner\Documents\Jack Martin Chimera 2015 Emulator\Emulator\Emulator.vcxproj" (Build target(s)).

Build succeeded.

Time Elapsed 00:00:06.94
